<?xml version="1.0" encoding="UTF-8"?>
<!-- Generated by org.testng.reporters.JUnitReportReporter -->
<testsuite hostname="K830061-W102" failures="0" tests="1" name="com.appointmanage.testcases.IndexPageText" time="28.382" errors="0" timestamp="2022-09-14T13:22:42 IST" skipped="0">
  <testcase classname="com.appointmanage.testcases.IndexPageText" name="signInPage" time="28.382"/>
  <system-out/>
</testsuite> <!-- com.appointmanage.testcases.IndexPageText -->
